<?xml version="1.0" encoding="UTF-8"?>
<!-- Generated by org.testng.reporters.JUnitReportReporter -->
<testsuite hostname="INLPF3L84Z0" failures="0" tests="1" name="SimplePackage.Deploy1" time="0.006" errors="0" timestamp="2023-08-15T15:51:55 IST" skipped="0">
  <testcase classname="SimplePackage.Deploy1" name="deploytest" time="0.006"/>
  <system-out/>
</testsuite> <!-- SimplePackage.Deploy1 -->
